#
# There is insufficient memory for the Java Runtime Environment to continue.
# Native memory allocation (mmap) failed to map 65536 bytes for Failed to commit metaspace.
# Possible reasons:
#   The system is out of physical RAM or swap space
#   The process is running with CompressedOops enabled, and the Java Heap may be blocking the growth of the native heap
# Possible solutions:
#   Reduce memory load on the system
#   Increase physical memory or swap space
#   Check if swap backing store is full
#   Decrease Java heap size (-Xmx/-Xms)
#   Decrease number of Java threads
#   Decrease Java thread stack sizes (-Xss)
#   Set larger code cache with -XX:ReservedCodeCacheSize=
#   JVM is running with Zero Based Compressed Oops mode in which the Java heap is
#     placed in the first 32GB address space. The Java Heap base address is the
#     maximum limit for the native heap growth. Please use -XX:HeapBaseMinAddress
#     to set the Java Heap base and to place the Java Heap above 32GB virtual address.
# This output file may be truncated or incomplete.
#
#  Out of Memory Error (virtualSpaceNode.cpp:110), pid=147288, tid=254932
#
# JRE version: OpenJDK Runtime Environment (17.0.7) (build 17.0.7+0-b2043.56-10550314)
# Java VM: OpenJDK 64-Bit Server VM (17.0.7+0-b2043.56-10550314, mixed mode, tiered, compressed oops, compressed class ptrs, g1 gc, windows-amd64)
# No core dump will be written. Minidumps are not enabled by default on client versions of Windows
#

---------------  S U M M A R Y ------------

Command Line: -Dorg.gradle.appname=gradlew org.gradle.wrapper.GradleWrapperMain -q -Ptarget-platform=android-x64 -Ptarget=D:\work\googleads-mobile-flutter\samples\admob\adaptive_banner_example\lib\main.dart -Pbase-application-name=android.app.Application -Pdart-defines=Zmx1dHRlci5pbnNwZWN0b3Iuc3RydWN0dXJlZEVycm9ycz10cnVl,RkxVVFRFUl9XRUJfQVVUT19ERVRFQ1Q9dHJ1ZQ==,RkxVVFRFUl9XRUJfQ0FOVkFTS0lUX1VSTD1odHRwczovL3d3dy5nc3RhdGljLmNvbS9mbHV0dGVyLWNhbnZhc2tpdC9jNGNkNDhlMTg2NDYwYjMyZDQ0NTg1Y2UzYzEwMzI3MWFiNjc2MzU1Lw== -Pdart-obfuscation=false -Ptrack-widget-creation=true -Ptree-shake-icons=false -Pfilesystem-scheme=org-dartlang-root assembleDebug

Host: Intel(R) Core(TM) i7-10700 CPU @ 2.90GHz, 16 cores, 31G,  Windows 10 , 64 bit Build 19041 (10.0.19041.3636)
Time: Tue Apr 30 16:11:14 2024  Windows 10 , 64 bit Build 19041 (10.0.19041.3636) elapsed time: 0.049559 seconds (0d 0h 0m 0s)

---------------  T H R E A D  ---------------

Current thread (0x0000025236ce70d0):  JavaThread "main" [_thread_in_vm, id=254932, stack(0x000000d339b00000,0x000000d339c00000)]

Stack: [0x000000d339b00000,0x000000d339c00000]
Native frames: (J=compiled Java code, j=interpreted, Vv=VM code, C=native code)
V  [jvm.dll+0x683bfa]
V  [jvm.dll+0x8430a4]
V  [jvm.dll+0x8449be]
V  [jvm.dll+0x845023]
V  [jvm.dll+0x24ad2f]
V  [jvm.dll+0x83e45b]
V  [jvm.dll+0x6281e6]
V  [jvm.dll+0x62824a]
V  [jvm.dll+0x62aa6a]
V  [jvm.dll+0x628b86]
V  [jvm.dll+0x632a57]
V  [jvm.dll+0x1eea7b]
V  [jvm.dll+0x1eefb5]
V  [jvm.dll+0x1ef8d4]
V  [jvm.dll+0x1e4e1c]
V  [jvm.dll+0x54a1dd]
V  [jvm.dll+0x1f573b]
V  [jvm.dll+0x7bcb6b]
V  [jvm.dll+0x7bdfb2]
V  [jvm.dll+0x7be749]
V  [jvm.dll+0x1ed1f6]
V  [jvm.dll+0x1ef81d]
V  [jvm.dll+0x1e4e1c]
V  [jvm.dll+0x54a1dd]
V  [jvm.dll+0x1f573b]
V  [jvm.dll+0x7bcb6b]
V  [jvm.dll+0x7bdfb2]
V  [jvm.dll+0x7be2e8]
V  [jvm.dll+0x2429be]
V  [jvm.dll+0x3860ce]
C  0x000002524162b6ee

Java frames: (J=compiled Java code, j=interpreted, Vv=VM code)
j  jdk.internal.loader.NativeLibraries.<clinit>()V+32 java.base
v  ~StubRoutines::call_stub
j  jdk.internal.loader.BootLoader.<clinit>()V+53 java.base
v  ~StubRoutines::call_stub
j  jdk.internal.module.ModuleBootstrap.boot2()Ljava/lang/ModuleLayer;+352 java.base
j  jdk.internal.module.ModuleBootstrap.boot()Ljava/lang/ModuleLayer;+64 java.base
j  java.lang.System.initPhase2(ZZ)I+0 java.base
v  ~StubRoutines::call_stub

---------------  P R O C E S S  ---------------

Threads class SMR info:
_java_thread_list=0x000002525fb62260, length=10, elements={
0x0000025236ce70d0, 0x000002525eecb130, 0x000002525eecbeb0, 0x000002525fb97450,
0x000002525fb97d10, 0x000002525fb71540, 0x000002525fba0b00, 0x000002525fba16f0,
0x000002525fba1ff0, 0x000002525fbafe10
}

Java Threads: ( => current thread )
=>0x0000025236ce70d0 JavaThread "main" [_thread_in_vm, id=254932, stack(0x000000d339b00000,0x000000d339c00000)]
  0x000002525eecb130 JavaThread "Reference Handler" daemon [_thread_blocked, id=89508, stack(0x000000d33a200000,0x000000d33a300000)]
  0x000002525eecbeb0 JavaThread "Finalizer" daemon [_thread_blocked, id=69504, stack(0x000000d33a300000,0x000000d33a400000)]
  0x000002525fb97450 JavaThread "Signal Dispatcher" daemon [_thread_blocked, id=22464, stack(0x000000d33a400000,0x000000d33a500000)]
  0x000002525fb97d10 JavaThread "Attach Listener" daemon [_thread_blocked, id=258964, stack(0x000000d33a500000,0x000000d33a600000)]
  0x000002525fb71540 JavaThread "Service Thread" daemon [_thread_blocked, id=259952, stack(0x000000d33a600000,0x000000d33a700000)]
  0x000002525fba0b00 JavaThread "Monitor Deflation Thread" daemon [_thread_blocked, id=98140, stack(0x000000d33a700000,0x000000d33a800000)]
  0x000002525fba16f0 JavaThread "C2 CompilerThread0" daemon [_thread_blocked, id=255824, stack(0x000000d33a800000,0x000000d33a900000)]
  0x000002525fba1ff0 JavaThread "C1 CompilerThread0" daemon [_thread_blocked, id=251052, stack(0x000000d33a900000,0x000000d33aa00000)]
  0x000002525fbafe10 JavaThread "Sweeper thread" daemon [_thread_blocked, id=254972, stack(0x000000d33aa00000,0x000000d33ab00000)]

Other Threads:
  0x000002525eebe130 VMThread "VM Thread" [stack: 0x000000d33a100000,0x000000d33a200000] [id=258144]
  0x0000025236d96820 GCTaskThread "GC Thread#0" [stack: 0x000000d339c00000,0x000000d339d00000] [id=258484]
  0x0000025236da7600 ConcurrentGCThread "G1 Main Marker" [stack: 0x000000d339d00000,0x000000d339e00000] [id=92704]
  0x0000025236da86c0 ConcurrentGCThread "G1 Conc#0" [stack: 0x000000d339e00000,0x000000d339f00000] [id=72456]
  0x000002525edcece0 ConcurrentGCThread "G1 Refine#0" [stack: 0x000000d339f00000,0x000000d33a000000] [id=73632]
  0x000002525edcf610 ConcurrentGCThread "G1 Service" [stack: 0x000000d33a000000,0x000000d33a100000] [id=256240]

Threads with active compile tasks:

VM state: not at safepoint (normal execution)

VM Mutex/Monitor currently owned by a thread:  ([mutex/lock_event])
[0x0000025236ce2d70] Metaspace_lock - owner thread: 0x0000025236ce70d0

Heap address: 0x0000000600c00000, size: 8180 MB, Compressed Oops mode: Zero based, Oop shift amount: 3

CDS archive(s) not mapped
Compressed class space mapped at: 0x0000000800000000-0x0000000840000000, reserved size: 1073741824
Narrow klass base: 0x0000000800000000, Narrow klass shift: 0, Narrow klass range: 0x40000000

GC Precious Log:
 CPUs: 16 total, 16 available
 Memory: 32706M
 Large Page Support: Disabled
 NUMA Support: Disabled
 Compressed Oops: Enabled (Zero based)
 Heap Region Size: 4M
 Heap Min Capacity: 8M
 Heap Initial Capacity: 512M
 Heap Max Capacity: 8180M
 Pre-touch: Disabled
 Parallel Workers: 13
 Concurrent Workers: 3
 Concurrent Refinement Workers: 13
 Periodic GC: Disabled

Heap:
 garbage-first heap   total 524288K, used 0K [0x0000000600c00000, 0x0000000800000000)
  region size 4096K, 1 young (4096K), 0 survivors (0K)
 Metaspace       used 3337K, committed 3392K, reserved 1114112K
  class space    used 265K, committed 320K, reserved 1048576K

Heap Regions: E=young(eden), S=young(survivor), O=old, HS=humongous(starts), HC=humongous(continues), CS=collection set, F=free, OA=open archive, CA=closed archive, TAMS=top-at-mark-start (previous, next)
|   0|0x0000000600c00000, 0x0000000600c00000, 0x0000000601000000|  0%| F|  |TAMS 0x0000000600c00000, 0x0000000600c00000| Untracked 
|   1|0x0000000601000000, 0x0000000601000000, 0x0000000601400000|  0%| F|  |TAMS 0x0000000601000000, 0x0000000601000000| Untracked 
|   2|0x0000000601400000, 0x0000000601400000, 0x0000000601800000|  0%| F|  |TAMS 0x0000000601400000, 0x0000000601400000| Untracked 
|   3|0x0000000601800000, 0x0000000601800000, 0x0000000601c00000|  0%| F|  |TAMS 0x0000000601800000, 0x0000000601800000| Untracked 
|   4|0x0000000601c00000, 0x0000000601c00000, 0x0000000602000000|  0%| F|  |TAMS 0x0000000601c00000, 0x0000000601c00000| Untracked 
|   5|0x0000000602000000, 0x0000000602000000, 0x0000000602400000|  0%| F|  |TAMS 0x0000000602000000, 0x0000000602000000| Untracked 
|   6|0x0000000602400000, 0x0000000602400000, 0x0000000602800000|  0%| F|  |TAMS 0x0000000602400000, 0x0000000602400000| Untracked 
|   7|0x0000000602800000, 0x0000000602800000, 0x0000000602c00000|  0%| F|  |TAMS 0x0000000602800000, 0x0000000602800000| Untracked 
|   8|0x0000000602c00000, 0x0000000602c00000, 0x0000000603000000|  0%| F|  |TAMS 0x0000000602c00000, 0x0000000602c00000| Untracked 
|   9|0x0000000603000000, 0x0000000603000000, 0x0000000603400000|  0%| F|  |TAMS 0x0000000603000000, 0x0000000603000000| Untracked 
|  10|0x0000000603400000, 0x0000000603400000, 0x0000000603800000|  0%| F|  |TAMS 0x0000000603400000, 0x0000000603400000| Untracked 
|  11|0x0000000603800000, 0x0000000603800000, 0x0000000603c00000|  0%| F|  |TAMS 0x0000000603800000, 0x0000000603800000| Untracked 
|  12|0x0000000603c00000, 0x0000000603c00000, 0x0000000604000000|  0%| F|  |TAMS 0x0000000603c00000, 0x0000000603c00000| Untracked 
|  13|0x0000000604000000, 0x0000000604000000, 0x0000000604400000|  0%| F|  |TAMS 0x0000000604000000, 0x0000000604000000| Untracked 
|  14|0x0000000604400000, 0x0000000604400000, 0x0000000604800000|  0%| F|  |TAMS 0x0000000604400000, 0x0000000604400000| Untracked 
|  15|0x0000000604800000, 0x0000000604800000, 0x0000000604c00000|  0%| F|  |TAMS 0x0000000604800000, 0x0000000604800000| Untracked 
|  16|0x0000000604c00000, 0x0000000604c00000, 0x0000000605000000|  0%| F|  |TAMS 0x0000000604c00000, 0x0000000604c00000| Untracked 
|  17|0x0000000605000000, 0x0000000605000000, 0x0000000605400000|  0%| F|  |TAMS 0x0000000605000000, 0x0000000605000000| Untracked 
|  18|0x0000000605400000, 0x0000000605400000, 0x0000000605800000|  0%| F|  |TAMS 0x0000000605400000, 0x0000000605400000| Untracked 
|  19|0x0000000605800000, 0x0000000605800000, 0x0000000605c00000|  0%| F|  |TAMS 0x0000000605800000, 0x0000000605800000| Untracked 
|  20|0x0000000605c00000, 0x0000000605c00000, 0x0000000606000000|  0%| F|  |TAMS 0x0000000605c00000, 0x0000000605c00000| Untracked 
|  21|0x0000000606000000, 0x0000000606000000, 0x0000000606400000|  0%| F|  |TAMS 0x0000000606000000, 0x0000000606000000| Untracked 
|  22|0x0000000606400000, 0x0000000606400000, 0x0000000606800000|  0%| F|  |TAMS 0x0000000606400000, 0x0000000606400000| Untracked 
|  23|0x0000000606800000, 0x0000000606800000, 0x0000000606c00000|  0%| F|  |TAMS 0x0000000606800000, 0x0000000606800000| Untracked 
|  24|0x0000000606c00000, 0x0000000606c00000, 0x0000000607000000|  0%| F|  |TAMS 0x0000000606c00000, 0x0000000606c00000| Untracked 
|  25|0x0000000607000000, 0x0000000607000000, 0x0000000607400000|  0%| F|  |TAMS 0x0000000607000000, 0x0000000607000000| Untracked 
|  26|0x0000000607400000, 0x0000000607400000, 0x0000000607800000|  0%| F|  |TAMS 0x0000000607400000, 0x0000000607400000| Untracked 
|  27|0x0000000607800000, 0x0000000607800000, 0x0000000607c00000|  0%| F|  |TAMS 0x0000000607800000, 0x0000000607800000| Untracked 
|  28|0x0000000607c00000, 0x0000000607c00000, 0x0000000608000000|  0%| F|  |TAMS 0x0000000607c00000, 0x0000000607c00000| Untracked 
|  29|0x0000000608000000, 0x0000000608000000, 0x0000000608400000|  0%| F|  |TAMS 0x0000000608000000, 0x0000000608000000| Untracked 
|  30|0x0000000608400000, 0x0000000608400000, 0x0000000608800000|  0%| F|  |TAMS 0x0000000608400000, 0x0000000608400000| Untracked 
|  31|0x0000000608800000, 0x0000000608800000, 0x0000000608c00000|  0%| F|  |TAMS 0x0000000608800000, 0x0000000608800000| Untracked 
|  32|0x0000000608c00000, 0x0000000608c00000, 0x0000000609000000|  0%| F|  |TAMS 0x0000000608c00000, 0x0000000608c00000| Untracked 
|  33|0x0000000609000000, 0x0000000609000000, 0x0000000609400000|  0%| F|  |TAMS 0x0000000609000000, 0x0000000609000000| Untracked 
|  34|0x0000000609400000, 0x0000000609400000, 0x0000000609800000|  0%| F|  |TAMS 0x0000000609400000, 0x0000000609400000| Untracked 
|  35|0x0000000609800000, 0x0000000609800000, 0x0000000609c00000|  0%| F|  |TAMS 0x0000000609800000, 0x0000000609800000| Untracked 
|  36|0x0000000609c00000, 0x0000000609c00000, 0x000000060a000000|  0%| F|  |TAMS 0x0000000609c00000, 0x0000000609c00000| Untracked 
|  37|0x000000060a000000, 0x000000060a000000, 0x000000060a400000|  0%| F|  |TAMS 0x000000060a000000, 0x000000060a000000| Untracked 
|  38|0x000000060a400000, 0x000000060a400000, 0x000000060a800000|  0%| F|  |TAMS 0x000000060a400000, 0x000000060a400000| Untracked 
|  39|0x000000060a800000, 0x000000060a800000, 0x000000060ac00000|  0%| F|  |TAMS 0x000000060a800000, 0x000000060a800000| Untracked 
|  40|0x000000060ac00000, 0x000000060ac00000, 0x000000060b000000|  0%| F|  |TAMS 0x000000060ac00000, 0x000000060ac00000| Untracked 
|  41|0x000000060b000000, 0x000000060b000000, 0x000000060b400000|  0%| F|  |TAMS 0x000000060b000000, 0x000000060b000000| Untracked 
|  42|0x000000060b400000, 0x000000060b400000, 0x000000060b800000|  0%| F|  |TAMS 0x000000060b400000, 0x000000060b400000| Untracked 
|  43|0x000000060b800000, 0x000000060b800000, 0x000000060bc00000|  0%| F|  |TAMS 0x000000060b800000, 0x000000060b800000| Untracked 
|  44|0x000000060bc00000, 0x000000060bc00000, 0x000000060c000000|  0%| F|  |TAMS 0x000000060bc00000, 0x000000060bc00000| Untracked 
|  45|0x000000060c000000, 0x000000060c000000, 0x000000060c400000|  0%| F|  |TAMS 0x000000060c000000, 0x000000060c000000| Untracked 
|  46|0x000000060c400000, 0x000000060c400000, 0x000000060c800000|  0%| F|  |TAMS 0x000000060c400000, 0x000000060c400000| Untracked 
|  47|0x000000060c800000, 0x000000060c800000, 0x000000060cc00000|  0%| F|  |TAMS 0x000000060c800000, 0x000000060c800000| Untracked 
|  48|0x000000060cc00000, 0x000000060cc00000, 0x000000060d000000|  0%| F|  |TAMS 0x000000060cc00000, 0x000000060cc00000| Untracked 
|  49|0x000000060d000000, 0x000000060d000000, 0x000000060d400000|  0%| F|  |TAMS 0x000000060d000000, 0x000000060d000000| Untracked 
|  50|0x000000060d400000, 0x000000060d400000, 0x000000060d800000|  0%| F|  |TAMS 0x000000060d400000, 0x000000060d400000| Untracked 
|  51|0x000000060d800000, 0x000000060d800000, 0x000000060dc00000|  0%| F|  |TAMS 0x000000060d800000, 0x000000060d800000| Untracked 
|  52|0x000000060dc00000, 0x000000060dc00000, 0x000000060e000000|  0%| F|  |TAMS 0x000000060dc00000, 0x000000060dc00000| Untracked 
|  53|0x000000060e000000, 0x000000060e000000, 0x000000060e400000|  0%| F|  |TAMS 0x000000060e000000, 0x000000060e000000| Untracked 
|  54|0x000000060e400000, 0x000000060e400000, 0x000000060e800000|  0%| F|  |TAMS 0x000000060e400000, 0x000000060e400000| Untracked 
|  55|0x000000060e800000, 0x000000060e800000, 0x000000060ec00000|  0%| F|  |TAMS 0x000000060e800000, 0x000000060e800000| Untracked 
|  56|0x000000060ec00000, 0x000000060ec00000, 0x000000060f000000|  0%| F|  |TAMS 0x000000060ec00000, 0x000000060ec00000| Untracked 
|  57|0x000000060f000000, 0x000000060f000000, 0x000000060f400000|  0%| F|  |TAMS 0x000000060f000000, 0x000000060f000000| Untracked 
|  58|0x000000060f400000, 0x000000060f400000, 0x000000060f800000|  0%| F|  |TAMS 0x000000060f400000, 0x000000060f400000| Untracked 
|  59|0x000000060f800000, 0x000000060f800000, 0x000000060fc00000|  0%| F|  |TAMS 0x000000060f800000, 0x000000060f800000| Untracked 
|  60|0x000000060fc00000, 0x000000060fc00000, 0x0000000610000000|  0%| F|  |TAMS 0x000000060fc00000, 0x000000060fc00000| Untracked 
|  61|0x0000000610000000, 0x0000000610000000, 0x0000000610400000|  0%| F|  |TAMS 0x0000000610000000, 0x0000000610000000| Untracked 
|  62|0x0000000610400000, 0x0000000610400000, 0x0000000610800000|  0%| F|  |TAMS 0x0000000610400000, 0x0000000610400000| Untracked 
|  63|0x0000000610800000, 0x0000000610800000, 0x0000000610c00000|  0%| F|  |TAMS 0x0000000610800000, 0x0000000610800000| Untracked 
|  64|0x0000000610c00000, 0x0000000610c00000, 0x0000000611000000|  0%| F|  |TAMS 0x0000000610c00000, 0x0000000610c00000| Untracked 
|  65|0x0000000611000000, 0x0000000611000000, 0x0000000611400000|  0%| F|  |TAMS 0x0000000611000000, 0x0000000611000000| Untracked 
|  66|0x0000000611400000, 0x0000000611400000, 0x0000000611800000|  0%| F|  |TAMS 0x0000000611400000, 0x0000000611400000| Untracked 
|  67|0x0000000611800000, 0x0000000611800000, 0x0000000611c00000|  0%| F|  |TAMS 0x0000000611800000, 0x0000000611800000| Untracked 
|  68|0x0000000611c00000, 0x0000000611c00000, 0x0000000612000000|  0%| F|  |TAMS 0x0000000611c00000, 0x0000000611c00000| Untracked 
|  69|0x0000000612000000, 0x0000000612000000, 0x0000000612400000|  0%| F|  |TAMS 0x0000000612000000, 0x0000000612000000| Untracked 
|  70|0x0000000612400000, 0x0000000612400000, 0x0000000612800000|  0%| F|  |TAMS 0x0000000612400000, 0x0000000612400000| Untracked 
|  71|0x0000000612800000, 0x0000000612800000, 0x0000000612c00000|  0%| F|  |TAMS 0x0000000612800000, 0x0000000612800000| Untracked 
|  72|0x0000000612c00000, 0x0000000612c00000, 0x0000000613000000|  0%| F|  |TAMS 0x0000000612c00000, 0x0000000612c00000| Untracked 
|  73|0x0000000613000000, 0x0000000613000000, 0x0000000613400000|  0%| F|  |TAMS 0x0000000613000000, 0x0000000613000000| Untracked 
|  74|0x0000000613400000, 0x0000000613400000, 0x0000000613800000|  0%| F|  |TAMS 0x0000000613400000, 0x0000000613400000| Untracked 
|  75|0x0000000613800000, 0x0000000613800000, 0x0000000613c00000|  0%| F|  |TAMS 0x0000000613800000, 0x0000000613800000| Untracked 
|  76|0x0000000613c00000, 0x0000000613c00000, 0x0000000614000000|  0%| F|  |TAMS 0x0000000613c00000, 0x0000000613c00000| Untracked 
|  77|0x0000000614000000, 0x0000000614000000, 0x0000000614400000|  0%| F|  |TAMS 0x0000000614000000, 0x0000000614000000| Untracked 
|  78|0x0000000614400000, 0x0000000614400000, 0x0000000614800000|  0%| F|  |TAMS 0x0000000614400000, 0x0000000614400000| Untracked 
|  79|0x0000000614800000, 0x0000000614800000, 0x0000000614c00000|  0%| F|  |TAMS 0x0000000614800000, 0x0000000614800000| Untracked 
|  80|0x0000000614c00000, 0x0000000614c00000, 0x0000000615000000|  0%| F|  |TAMS 0x0000000614c00000, 0x0000000614c00000| Untracked 
|  81|0x0000000615000000, 0x0000000615000000, 0x0000000615400000|  0%| F|  |TAMS 0x0000000615000000, 0x0000000615000000| Untracked 
|  82|0x0000000615400000, 0x0000000615400000, 0x0000000615800000|  0%| F|  |TAMS 0x0000000615400000, 0x0000000615400000| Untracked 
|  83|0x0000000615800000, 0x0000000615800000, 0x0000000615c00000|  0%| F|  |TAMS 0x0000000615800000, 0x0000000615800000| Untracked 
|  84|0x0000000615c00000, 0x0000000615c00000, 0x0000000616000000|  0%| F|  |TAMS 0x0000000615c00000, 0x0000000615c00000| Untracked 
|  85|0x0000000616000000, 0x0000000616000000, 0x0000000616400000|  0%| F|  |TAMS 0x0000000616000000, 0x0000000616000000| Untracked 
|  86|0x0000000616400000, 0x0000000616400000, 0x0000000616800000|  0%| F|  |TAMS 0x0000000616400000, 0x0000000616400000| Untracked 
|  87|0x0000000616800000, 0x0000000616800000, 0x0000000616c00000|  0%| F|  |TAMS 0x0000000616800000, 0x0000000616800000| Untracked 
|  88|0x0000000616c00000, 0x0000000616c00000, 0x0000000617000000|  0%| F|  |TAMS 0x0000000616c00000, 0x0000000616c00000| Untracked 
|  89|0x0000000617000000, 0x0000000617000000, 0x0000000617400000|  0%| F|  |TAMS 0x0000000617000000, 0x0000000617000000| Untracked 
|  90|0x0000000617400000, 0x0000000617400000, 0x0000000617800000|  0%| F|  |TAMS 0x0000000617400000, 0x0000000617400000| Untracked 
|  91|0x0000000617800000, 0x0000000617800000, 0x0000000617c00000|  0%| F|  |TAMS 0x0000000617800000, 0x0000000617800000| Untracked 
|  92|0x0000000617c00000, 0x0000000617c00000, 0x0000000618000000|  0%| F|  |TAMS 0x0000000617c00000, 0x0000000617c00000| Untracked 
|  93|0x0000000618000000, 0x0000000618000000, 0x0000000618400000|  0%| F|  |TAMS 0x0000000618000000, 0x0000000618000000| Untracked 
|  94|0x0000000618400000, 0x0000000618400000, 0x0000000618800000|  0%| F|  |TAMS 0x0000000618400000, 0x0000000618400000| Untracked 
|  95|0x0000000618800000, 0x0000000618800000, 0x0000000618c00000|  0%| F|  |TAMS 0x0000000618800000, 0x0000000618800000| Untracked 
|  96|0x0000000618c00000, 0x0000000618c00000, 0x0000000619000000|  0%| F|  |TAMS 0x0000000618c00000, 0x0000000618c00000| Untracked 
|  97|0x0000000619000000, 0x0000000619000000, 0x0000000619400000|  0%| F|  |TAMS 0x0000000619000000, 0x0000000619000000| Untracked 
|  98|0x0000000619400000, 0x0000000619400000, 0x0000000619800000|  0%| F|  |TAMS 0x0000000619400000, 0x0000000619400000| Untracked 
|  99|0x0000000619800000, 0x0000000619800000, 0x0000000619c00000|  0%| F|  |TAMS 0x0000000619800000, 0x0000000619800000| Untracked 
| 100|0x0000000619c00000, 0x0000000619c00000, 0x000000061a000000|  0%| F|  |TAMS 0x0000000619c00000, 0x0000000619c00000| Untracked 
| 101|0x000000061a000000, 0x000000061a000000, 0x000000061a400000|  0%| F|  |TAMS 0x000000061a000000, 0x000000061a000000| Untracked 
| 102|0x000000061a400000, 0x000000061a400000, 0x000000061a800000|  0%| F|  |TAMS 0x000000061a400000, 0x000000061a400000| Untracked 
| 103|0x000000061a800000, 0x000000061a800000, 0x000000061ac00000|  0%| F|  |TAMS 0x000000061a800000, 0x000000061a800000| Untracked 
| 104|0x000000061ac00000, 0x000000061ac00000, 0x000000061b000000|  0%| F|  |TAMS 0x000000061ac00000, 0x000000061ac00000| Untracked 
| 105|0x000000061b000000, 0x000000061b000000, 0x000000061b400000|  0%| F|  |TAMS 0x000000061b000000, 0x000000061b000000| Untracked 
| 106|0x000000061b400000, 0x000000061b400000, 0x000000061b800000|  0%| F|  |TAMS 0x000000061b400000, 0x000000061b400000| Untracked 
| 107|0x000000061b800000, 0x000000061b800000, 0x000000061bc00000|  0%| F|  |TAMS 0x000000061b800000, 0x000000061b800000| Untracked 
| 108|0x000000061bc00000, 0x000000061bc00000, 0x000000061c000000|  0%| F|  |TAMS 0x000000061bc00000, 0x000000061bc00000| Untracked 
| 109|0x000000061c000000, 0x000000061c000000, 0x000000061c400000|  0%| F|  |TAMS 0x000000061c000000, 0x000000061c000000| Untracked 
| 110|0x000000061c400000, 0x000000061c400000, 0x000000061c800000|  0%| F|  |TAMS 0x000000061c400000, 0x000000061c400000| Untracked 
| 111|0x000000061c800000, 0x000000061c800000, 0x000000061cc00000|  0%| F|  |TAMS 0x000000061c800000, 0x000000061c800000| Untracked 
| 112|0x000000061cc00000, 0x000000061cc00000, 0x000000061d000000|  0%| F|  |TAMS 0x000000061cc00000, 0x000000061cc00000| Untracked 
| 113|0x000000061d000000, 0x000000061d000000, 0x000000061d400000|  0%| F|  |TAMS 0x000000061d000000, 0x000000061d000000| Untracked 
| 114|0x000000061d400000, 0x000000061d400000, 0x000000061d800000|  0%| F|  |TAMS 0x000000061d400000, 0x000000061d400000| Untracked 
| 115|0x000000061d800000, 0x000000061d800000, 0x000000061dc00000|  0%| F|  |TAMS 0x000000061d800000, 0x000000061d800000| Untracked 
| 116|0x000000061dc00000, 0x000000061dc00000, 0x000000061e000000|  0%| F|  |TAMS 0x000000061dc00000, 0x000000061dc00000| Untracked 
| 117|0x000000061e000000, 0x000000061e000000, 0x000000061e400000|  0%| F|  |TAMS 0x000000061e000000, 0x000000061e000000| Untracked 
| 118|0x000000061e400000, 0x000000061e400000, 0x000000061e800000|  0%| F|  |TAMS 0x000000061e400000, 0x000000061e400000| Untracked 
| 119|0x000000061e800000, 0x000000061e800000, 0x000000061ec00000|  0%| F|  |TAMS 0x000000061e800000, 0x000000061e800000| Untracked 
| 120|0x000000061ec00000, 0x000000061ec00000, 0x000000061f000000|  0%| F|  |TAMS 0x000000061ec00000, 0x000000061ec00000| Untracked 
| 121|0x000000061f000000, 0x000000061f000000, 0x000000061f400000|  0%| F|  |TAMS 0x000000061f000000, 0x000000061f000000| Untracked 
| 122|0x000000061f400000, 0x000000061f400000, 0x000000061f800000|  0%| F|  |TAMS 0x000000061f400000, 0x000000061f400000| Untracked 
| 123|0x000000061f800000, 0x000000061f800000, 0x000000061fc00000|  0%| F|  |TAMS 0x000000061f800000, 0x000000061f800000| Untracked 
| 124|0x000000061fc00000, 0x000000061fc00000, 0x0000000620000000|  0%| F|  |TAMS 0x000000061fc00000, 0x000000061fc00000| Untracked 
| 125|0x0000000620000000, 0x0000000620000000, 0x0000000620400000|  0%| F|  |TAMS 0x0000000620000000, 0x0000000620000000| Untracked 
| 126|0x0000000620400000, 0x0000000620400000, 0x0000000620800000|  0%| F|  |TAMS 0x0000000620400000, 0x0000000620400000| Untracked 
| 127|0x0000000620800000, 0x0000000620970f68, 0x0000000620c00000| 36%| E|  |TAMS 0x0000000620800000, 0x0000000620800000| Complete 

Card table byte_map: [0x000002524aa40000,0x000002524ba40000] _byte_map_base: 0x0000025247a3a000

Marking Bits (Prev, Next): (CMBitMap*) 0x0000025236d96d40, (CMBitMap*) 0x0000025236d96d80
 Prev Bits: [0x000002524ca40000, 0x0000025254a10000)
 Next Bits: [0x0000025254a10000, 0x000002525c9e0000)

Polling page: 0x00000252364b0000

Metaspace:

Usage:
  Non-class:      3.00 MB used.
      Class:    265.31 KB used.
       Both:      3.26 MB used.

Virtual space:
  Non-class space:       64.00 MB reserved,       3.00 MB (  5%) committed,  1 nodes.
      Class space:        1.00 GB reserved,     320.00 KB ( <1%) committed,  1 nodes.
             Both:        1.06 GB reserved,       3.31 MB ( <1%) committed. 

Chunk freelists:
   Non-Class:  12.00 MB
       Class:  15.62 MB
        Both:  27.62 MB

MaxMetaspaceSize: unlimited
CompressedClassSpaceSize: 1.00 GB
Initial GC threshold: 21.00 MB
Current GC threshold: 21.00 MB
CDS: off
MetaspaceReclaimPolicy: balanced
 - commit_granule_bytes: 65536.
 - commit_granule_words: 8192.
 - virtual_space_node_default_size: 8388608.
 - enlarge_chunks_in_place: 1.
 - new_chunks_are_fully_committed: 0.
 - uncommit_free_chunks: 1.
 - use_allocation_guard: 0.
 - handle_deallocations: 1.


Internal statistics:

num_allocs_failed_limit: 0.
num_arena_births: 2.
num_arena_deaths: 0.
num_vsnodes_births: 2.
num_vsnodes_deaths: 0.
num_space_committed: 53.
num_space_uncommitted: 0.
num_chunks_returned_to_freelist: 0.
num_chunks_taken_from_freelist: 4.
num_chunk_merges: 0.
num_chunk_splits: 2.
num_chunks_enlarged: 0.
num_inconsistent_stats: 0.

CodeHeap 'non-profiled nmethods': size=119168Kb used=2Kb max_used=2Kb free=119165Kb
 bounds [0x0000025241d60000, 0x0000025241fd0000, 0x00000252491c0000]
CodeHeap 'profiled nmethods': size=119104Kb used=29Kb max_used=29Kb free=119074Kb
 bounds [0x000002523a1c0000, 0x000002523a430000, 0x0000025241610000]
CodeHeap 'non-nmethods': size=7488Kb used=1028Kb max_used=1042Kb free=6459Kb
 bounds [0x0000025241610000, 0x0000025241880000, 0x0000025241d60000]
 total_blobs=306 nmethods=26 adapters=193
 compilation: enabled
              stopped_count=0, restarted_count=0
 full_count=0

Compilation events (20 events):
Event: 0.047 Thread 0x000002525fba1ff0 nmethod 16 0x000002523a1c5610 code [0x000002523a1c57c0, 0x000002523a1c5968]
Event: 0.047 Thread 0x000002525fba1ff0   20       3       java.util.AbstractCollection::<init> (5 bytes)
Event: 0.047 Thread 0x000002525fba1ff0 nmethod 20 0x000002523a1c5a10 code [0x000002523a1c5ba0, 0x000002523a1c5cf8]
Event: 0.047 Thread 0x000002525fba1ff0   21       3       java.util.ImmutableCollections$AbstractImmutableCollection::<init> (5 bytes)
Event: 0.047 Thread 0x000002525fba1ff0 nmethod 21 0x000002523a1c5d90 code [0x000002523a1c5f40, 0x000002523a1c60f8]
Event: 0.047 Thread 0x000002525fba1ff0   17       3       java.util.ImmutableCollections$SetN$SetNIterator::<init> (36 bytes)
Event: 0.047 Thread 0x000002525fba1ff0 nmethod 17 0x000002523a1c6210 code [0x000002523a1c63c0, 0x000002523a1c65d8]
Event: 0.047 Thread 0x000002525fba1ff0   18       3       java.util.ImmutableCollections$SetN$SetNIterator::hasNext (13 bytes)
Event: 0.047 Thread 0x000002525fba1ff0 nmethod 18 0x000002523a1c6710 code [0x000002523a1c68a0, 0x000002523a1c6a18]
Event: 0.047 Thread 0x000002525fba1ff0   22       3       java.util.ImmutableCollections$AbstractImmutableSet::<init> (5 bytes)
Event: 0.047 Thread 0x000002525fba1ff0 nmethod 22 0x000002523a1c6a90 code [0x000002523a1c6c40, 0x000002523a1c6e78]
Event: 0.048 Thread 0x000002525fba1ff0   23       3       java.lang.String::coder (15 bytes)
Event: 0.048 Thread 0x000002525fba1ff0 nmethod 23 0x000002523a1c6f90 code [0x000002523a1c7120, 0x000002523a1c7258]
Event: 0.048 Thread 0x000002525fba1ff0   24       3       java.lang.String::length (11 bytes)
Event: 0.048 Thread 0x000002525fba1ff0 nmethod 24 0x000002523a1c7310 code [0x000002523a1c74a0, 0x000002523a1c7638]
Event: 0.048 Thread 0x000002525fba1ff0   25       1       java.lang.module.ModuleDescriptor::name (5 bytes)
Event: 0.048 Thread 0x000002525fba1ff0 nmethod 25 0x0000025241d60010 code [0x0000025241d601a0, 0x0000025241d60278]
Event: 0.048 Thread 0x000002525fba1ff0   26       1       java.lang.module.ModuleReference::descriptor (5 bytes)
Event: 0.048 Thread 0x000002525fba1ff0 nmethod 26 0x0000025241d60310 code [0x0000025241d604a0, 0x0000025241d60578]
Event: 0.048 Thread 0x000002525fba16f0 nmethod 19 0x0000025241d60610 code [0x0000025241d60780, 0x0000025241d608f8]

GC Heap History (0 events):
No events

Dll operation events (1 events):
Event: 0.003 Loaded shared library D:\Program Files\Android\Android Studio\jbr\bin\java.dll

Deoptimization events (0 events):
No events

Classes unloaded (0 events):
No events

Classes redefined (0 events):
No events

Internal exceptions (0 events):
No events

VM Operations (0 events):
No events

Events (20 events):
Event: 0.048 loading class jdk/internal/module/ModuleHashes$HashSupplier done
Event: 0.048 loading class jdk/internal/module/SystemModuleFinders$3 done
Event: 0.048 loading class jdk/internal/module/SystemModuleFinders$SystemModuleFinder
Event: 0.048 loading class java/lang/module/ModuleFinder
Event: 0.048 loading class java/lang/module/ModuleFinder done
Event: 0.048 loading class jdk/internal/module/SystemModuleFinders$SystemModuleFinder done
Event: 0.048 loading class java/util/Optional
Event: 0.048 loading class java/util/Optional done
Event: 0.048 loading class jdk/internal/loader/BootLoader
Event: 0.048 loading class jdk/internal/loader/BootLoader done
Event: 0.048 loading class jdk/internal/loader/NativeLibraries
Event: 0.048 loading class jdk/internal/loader/NativeLibraries done
Event: 0.048 loading class jdk/internal/loader/ClassLoaderHelper
Event: 0.048 loading class jdk/internal/loader/ClassLoaderHelper done
Event: 0.048 loading class java/util/HashSet
Event: 0.049 loading class java/util/HashSet done
Event: 0.049 loading class java/util/ArrayDeque
Event: 0.049 loading class java/util/Deque
Event: 0.049 loading class java/util/Queue
Event: 0.049 loading class java/util/Queue done


Dynamic libraries:
0x00007ff66eba0000 - 0x00007ff66ebaa000 	D:\Program Files\Android\Android Studio\jbr\bin\java.exe
0x00007ffae72b0000 - 0x00007ffae74a8000 	C:\WINDOWS\SYSTEM32\ntdll.dll
0x00007ffae6c90000 - 0x00007ffae6d4d000 	C:\WINDOWS\System32\KERNEL32.DLL
0x00007ffae4a80000 - 0x00007ffae4d76000 	C:\WINDOWS\System32\KERNELBASE.dll
0x00007ffae4d80000 - 0x00007ffae4e80000 	C:\WINDOWS\System32\ucrtbase.dll
0x00007ffac9280000 - 0x00007ffac9297000 	D:\Program Files\Android\Android Studio\jbr\bin\jli.dll
0x00007ffaccc40000 - 0x00007ffaccc5b000 	D:\Program Files\Android\Android Studio\jbr\bin\VCRUNTIME140.dll
0x00007ffae6a90000 - 0x00007ffae6c2e000 	C:\WINDOWS\System32\USER32.dll
0x00007ffae4fd0000 - 0x00007ffae4ff2000 	C:\WINDOWS\System32\win32u.dll
0x00007fface5d0000 - 0x00007fface86a000 	C:\WINDOWS\WinSxS\amd64_microsoft.windows.common-controls_6595b64144ccf1df_6.0.19041.3636_none_60b6a03d71f818d5\COMCTL32.dll
0x00007ffae5cd0000 - 0x00007ffae5cfc000 	C:\WINDOWS\System32\GDI32.dll
0x00007ffae5b40000 - 0x00007ffae5bde000 	C:\WINDOWS\System32\msvcrt.dll
0x00007ffae4eb0000 - 0x00007ffae4fca000 	C:\WINDOWS\System32\gdi32full.dll
0x00007ffae5100000 - 0x00007ffae519d000 	C:\WINDOWS\System32\msvcp_win.dll
0x00007ffae6140000 - 0x00007ffae6170000 	C:\WINDOWS\System32\IMM32.DLL
0x00007ffacc7b0000 - 0x00007ffacc7bc000 	D:\Program Files\Android\Android Studio\jbr\bin\vcruntime140_1.dll
0x00007ffabe2a0000 - 0x00007ffabe32d000 	D:\Program Files\Android\Android Studio\jbr\bin\msvcp140.dll
0x00007ffaa1ff0000 - 0x00007ffaa2c70000 	D:\Program Files\Android\Android Studio\jbr\bin\server\jvm.dll
0x00007ffae5e30000 - 0x00007ffae5ee3000 	C:\WINDOWS\System32\ADVAPI32.dll
0x00007ffae5d90000 - 0x00007ffae5e2f000 	C:\WINDOWS\System32\sechost.dll
0x00007ffae6d50000 - 0x00007ffae6e76000 	C:\WINDOWS\System32\RPCRT4.dll
0x00007ffae4e80000 - 0x00007ffae4ea7000 	C:\WINDOWS\System32\bcrypt.dll
0x00007ffae0640000 - 0x00007ffae0649000 	C:\WINDOWS\SYSTEM32\WSOCK32.dll
0x00007ffad3020000 - 0x00007ffad3047000 	C:\WINDOWS\SYSTEM32\WINMM.dll
0x00007ffaddef0000 - 0x00007ffaddefa000 	C:\WINDOWS\SYSTEM32\VERSION.dll
0x00007ffae71e0000 - 0x00007ffae724b000 	C:\WINDOWS\System32\WS2_32.dll
0x00007ffae2850000 - 0x00007ffae2862000 	C:\WINDOWS\SYSTEM32\kernel.appcore.dll
0x00007ffadc800000 - 0x00007ffadc80a000 	D:\Program Files\Android\Android Studio\jbr\bin\jimage.dll
0x00007ffad25e0000 - 0x00007ffad27c4000 	C:\WINDOWS\SYSTEM32\DBGHELP.DLL
0x00007ffac8790000 - 0x00007ffac87c4000 	C:\WINDOWS\SYSTEM32\dbgcore.DLL
0x00007ffae5000000 - 0x00007ffae5082000 	C:\WINDOWS\System32\bcryptPrimitives.dll
0x00007ffacb1c0000 - 0x00007ffacb1e5000 	D:\Program Files\Android\Android Studio\jbr\bin\java.dll
0x00007ffacc810000 - 0x00007ffacc828000 	D:\Program Files\Android\Android Studio\jbr\bin\zip.dll
0x00007ffae5300000 - 0x00007ffae5a45000 	C:\WINDOWS\System32\SHELL32.dll
0x00007ffae2a50000 - 0x00007ffae31eb000 	C:\WINDOWS\SYSTEM32\windows.storage.dll
0x00007ffae6e80000 - 0x00007ffae71d4000 	C:\WINDOWS\System32\combase.dll
0x00007ffae43b0000 - 0x00007ffae43dd000 	C:\WINDOWS\SYSTEM32\Wldp.dll
0x00007ffae6700000 - 0x00007ffae67ad000 	C:\WINDOWS\System32\SHCORE.dll
0x00007ffae6c30000 - 0x00007ffae6c85000 	C:\WINDOWS\System32\shlwapi.dll
0x00007ffae48b0000 - 0x00007ffae48d5000 	C:\WINDOWS\SYSTEM32\profapi.dll

dbghelp: loaded successfully - version: 4.0.5 - missing functions: none
symbol engine: initialized successfully - sym options: 0x614 - pdb path: .;D:\Program Files\Android\Android Studio\jbr\bin;C:\WINDOWS\SYSTEM32;C:\WINDOWS\WinSxS\amd64_microsoft.windows.common-controls_6595b64144ccf1df_6.0.19041.3636_none_60b6a03d71f818d5;D:\Program Files\Android\Android Studio\jbr\bin\server

VM Arguments:
jvm_args: -Dorg.gradle.appname=gradlew 
java_command: org.gradle.wrapper.GradleWrapperMain -q -Ptarget-platform=android-x64 -Ptarget=D:\work\googleads-mobile-flutter\samples\admob\adaptive_banner_example\lib\main.dart -Pbase-application-name=android.app.Application -Pdart-defines=Zmx1dHRlci5pbnNwZWN0b3Iuc3RydWN0dXJlZEVycm9ycz10cnVl,RkxVVFRFUl9XRUJfQVVUT19ERVRFQ1Q9dHJ1ZQ==,RkxVVFRFUl9XRUJfQ0FOVkFTS0lUX1VSTD1odHRwczovL3d3dy5nc3RhdGljLmNvbS9mbHV0dGVyLWNhbnZhc2tpdC9jNGNkNDhlMTg2NDYwYjMyZDQ0NTg1Y2UzYzEwMzI3MWFiNjc2MzU1Lw== -Pdart-obfuscation=false -Ptrack-widget-creation=true -Ptree-shake-icons=false -Pfilesystem-scheme=org-dartlang-root assembleDebug
java_class_path (initial): D:\work\googleads-mobile-flutter\samples\admob\adaptive_banner_example\android\\gradle\wrapper\gradle-wrapper.jar
Launcher Type: SUN_STANDARD

[Global flags]
     intx CICompilerCount                          = 12                                        {product} {ergonomic}
     uint ConcGCThreads                            = 3                                         {product} {ergonomic}
     uint G1ConcRefinementThreads                  = 13                                        {product} {ergonomic}
   size_t G1HeapRegionSize                         = 4194304                                   {product} {ergonomic}
    uintx GCDrainStackTargetSize                   = 64                                        {product} {ergonomic}
   size_t InitialHeapSize                          = 536870912                                 {product} {ergonomic}
   size_t MarkStackSize                            = 4194304                                   {product} {ergonomic}
   size_t MaxHeapSize                              = 8577351680                                {product} {ergonomic}
   size_t MaxNewSize                               = 5146411008                                {product} {ergonomic}
   size_t MinHeapDeltaBytes                        = 4194304                                   {product} {ergonomic}
   size_t MinHeapSize                              = 8388608                                   {product} {ergonomic}
    uintx NonNMethodCodeHeapSize                   = 7602480                                {pd product} {ergonomic}
    uintx NonProfiledCodeHeapSize                  = 122027880                              {pd product} {ergonomic}
    uintx ProfiledCodeHeapSize                     = 122027880                              {pd product} {ergonomic}
    uintx ReservedCodeCacheSize                    = 251658240                              {pd product} {ergonomic}
     bool SegmentedCodeCache                       = true                                      {product} {ergonomic}
   size_t SoftMaxHeapSize                          = 8577351680                             {manageable} {ergonomic}
     bool UseCompressedClassPointers               = true                           {product lp64_product} {ergonomic}
     bool UseCompressedOops                        = true                           {product lp64_product} {ergonomic}
     bool UseG1GC                                  = true                                      {product} {ergonomic}
     bool UseLargePagesIndividualAllocation        = false                                  {pd product} {ergonomic}

Logging:
Log output configuration:
 #0: stdout all=warning uptime,level,tags
 #1: stderr all=off uptime,level,tags

Environment Variables:
JAVA_HOME=D:\Program Files\Android\Android Studio\jbr
CLASSPATH=D:\work\googleads-mobile-flutter\samples\admob\adaptive_banner_example\android\\gradle\wrapper\gradle-wrapper.jar
PATH=D:\Program Files\Android\Android Studio\jbr\bin;D:\Program Files (x86)\VMware\VMware Workstation\bin\;C:\Python38\Scripts\;C:\Python38\;C:\Program Files (x86)\Common Files\Intel\Shared Libraries\redist\intel64\compiler;C:\WINDOWS\system32;C:\WINDOWS;C:\WINDOWS\System32\Wbem;C:\WINDOWS\System32\WindowsPowerShell\v1.0\;C:\WINDOWS\System32\OpenSSH\;D:\Program Files\Git\cmd;D:\Program Files\TortoiseGit\bin;D:\Go\bin;D:\Program Files (x86)\PuTTY\;D:\Program Files\python;D:\Program Files\python\Scripts;D:\Program Files\Redis\;D:\Program Files\mysql-8.0.21-winx64\bin;D:\Program Files\nodejs\;C:\ProgramData\chocolatey\bin;D:\Program Files (x86)\Java\bin;C:\Users\zdy\AppData\Local\Android\Sdk\tools\bin;C:\Program Files (x86)\NVIDIA Corporation\PhysX\Common;C:\Program Files\NVIDIA Corporation\NVIDIA NvDLISR;D:\leidian\LDPlayer9;D:\mynews\venv\Scripts;C:\Program Files\dotnet\;C:\Program Files\Chia\resources\app.asar.unpacked\daemon;C:\Program Files\Google\Chrome\Application;D:\work\flutter_windows_3.19.6-stable\flutter\bin;C:\Users\zdy\AppData\Local\Microsoft\WindowsApps;C:\Users\zdy\go\bin;D:\Program Files\JetBrains\DataGrip 2020.2.2\bin;;C:\Users\zdy\AppData\Roaming\npm;D:\Program Files\JetBrains\IntelliJ IDEA 2020.2.2\bin;;D:\Program Files\JetBrains\WebStorm 2020.2.2\bin;;D:\mynews\venv\Scripts;C:\Users\zdy\AppData\Local\Android\Sdk\platform-tools;D:\leidian\LDPlayer9;C:\Program Files\Google\Chrome\Application;;D:\work\flutter_windows_3.19.6-stable\flutter\bin\mingit\cmd
USERNAME=zdy
OS=Windows_NT
PROCESSOR_IDENTIFIER=Intel64 Family 6 Model 165 Stepping 5, GenuineIntel
TMP=C:\Users\zdy\AppData\Local\Temp
TEMP=C:\Users\zdy\AppData\Local\Temp


JNI global refs:
JNI global refs: 14, weak refs: 0

JNI global refs memory usage: 843, weak refs: 209

OOME stack traces (most recent first):
Classloader memory used:
Loader bootstrap                                                                       : 417K


---------------  S Y S T E M  ---------------

OS:
 Windows 10 , 64 bit Build 19041 (10.0.19041.3636)
OS uptime: 70 days 19:22 hours

CPU: total 16 (initial active 16) (8 cores per cpu, 2 threads per core) family 6 model 165 stepping 5 microcode 0xca, cx8, cmov, fxsr, ht, mmx, 3dnowpref, sse, sse2, sse3, ssse3, sse4.1, sse4.2, popcnt, lzcnt, tsc, tscinvbit, avx, avx2, aes, erms, clmul, bmi1, bmi2, adx, fma, vzeroupper, clflush, clflushopt

Memory: 4k page, system-wide physical 32706M (1042M free)
TotalPageFile size 70953M (AvailPageFile size 6M)
current process WorkingSet (physical memory assigned to process): 28M, peak: 28M
current process commit charge ("private bytes"): 611M, peak: 612M

vm_info: OpenJDK 64-Bit Server VM (17.0.7+0-b2043.56-10550314) for windows-amd64 JRE (17.0.7+0-b2043.56-10550314), built on Jul 24 2023 18:27:45 by "androidbuild" with MS VC++ 16.10 / 16.11 (VS2019)

END.
